Executing from unexpected area: 9:2cf
read from address f04210 PC=80dc
read from address f0012c PC=80df
read from address f02140 PC=80e4
read from address f00133 PC=80e7
read from address f0012d PC=8106
read from address f02141 PC=810b
read from address f00131 PC=810e
read from address f0012e PC=8121
read from address f0012f PC=8127
read from address f00710 PC=89ea
read from address f00ace PC=8a15
read from address f00acf PC=8a15
read from address f00ad2 PC=8a21
read from address f00ad3 PC=8a21
read from address f00ad6 PC=8a2a
read from address f00ad7 PC=8a2a
read from address f00acc PC=8a44
read from address f00acd PC=8a44
read from address f00ad0 PC=8a4d
read from address f00ad1 PC=8a4d
read from address f00ad4 PC=8a56
read from address f00ad5 PC=8a56
read from address f00ac0 PC=8a70
read from address f00ac1 PC=8a70
read from address f00ac4 PC=8a79
read from address f00ac5 PC=8a79
read from address f00ac8 PC=8a82
read from address f00ac9 PC=8a82
read from address f00ae0 PC=8a8b
read from address f00ae1 PC=8a8b
read from address f00ad8 PC=8a97
read from address f00ad9 PC=8a97
read from address f00ac2 PC=8aab
read from address f00ac3 PC=8aab
read from address f00ac6 PC=8ab4
read from address f00ac7 PC=8ab4
read from address f00aca PC=8abd
read from address f00acb PC=8abd
read from address f00ae2 PC=8ac6
read from address f00ae3 PC=8ac6
read from address f00ada PC=8ad2
read from address f00adb PC=8ad2
read from address f00aec PC=8ae4
read from address f00aed PC=8ae4
read from address f00af0 PC=8aed
read from address f00af1 PC=8aed
read from address f00aee PC=8b0a
read from address f00aef PC=8b0a
read from address f00af2 PC=8b13
read from address f00af3 PC=8b13
read from address f00af4 PC=8b28
read from address f00adc PC=8b53
read from address f00add PC=8b53
read from address f00134 PC=8b59
read from address f00135 PC=8b59
read from address f093fe PC=8bd6
read from address f09407 PC=8bdb
read from address f09410 PC=8be0
read from address f00b82 PC=c9c3
read from address f0794b PC=c9d7
read from address f01e83 PC=c9db
read from address f03d6b PC=c9e7
read from address f03ceb PC=c9eb
read from address f07a04 PC=c9f1
read from address f03d48 PC=ca1f
read from address f03d48 PC=ca23
read from address f0c006 PC=ca51
read from address f0be07 PC=ca59
read from address f0b920 PC=ca70
read from address f0abe7 PC=ca72
read from address f0c047 PC=ca81
read from address f0bd48 PC=ca89
read from address f07948 PC=ca99
read from address f0794a PC=cac7
read from address f01dca PC=cacb
read from address f03d6a PC=cad7
read from address f03cea PC=cadb
read from address f018ad PC=cae8
read from address f018ad PC=caea
read from address f00000 PC=caee
read from address f018ad PC=caf0
read from address f018ad PC=caf2
read from address f00002 PC=caf4
read from address f03748 PC=caf7
read from address f026c8 PC=cafd
read from address f00000 PC=cb06
read from address f018ad PC=cb08
read from address f018ad PC=cb0a
read from address f00005 PC=cb0c
read from address f0794b PC=cb0f
read from address f01dcc PC=cb13
read from address f03d6b PC=cb1f
read from address f03ceb PC=cb23
read from address f0794c PC=cb27
read from address f01dcd PC=cb2b
read from address f03d6c PC=cb37
read from address f03cec PC=cb3b
read from address f03748 PC=cb3f
read from address f026c8 PC=cb45
read from address f00000 PC=cb4e
read from address f018af PC=cb50
read from address f018af PC=cb52
read from address f0000a PC=cb54
read from address f0794e PC=cb59
read from address f00000 PC=cb80
read from address f00000 PC=cb82
read from address f07a39 PC=cb8f
read from address f07ab0 PC=cb93
read from address f0016c PC=cb95
read from address f0859c PC=cb97
read from address f0b4e8 PC=cb9d
read from address f07a30 PC=cba9
read from address f009cd PC=cbad
read from address f000f8 PC=cbb6
read from address f0aa01 PC=cbb8
read from address f0aa01 PC=cbba
read from address f00008 PC=cbbc
read from address f00d15 PC=6ead9
read from address f00d35 PC=6eae0
read from address f00f75 PC=6eaf4
read from address f00d05 PC=6eaf9
read from address f00d25 PC=6eb00
read from address f00fb5 PC=6eac2
read from address f00de5 PC=beb2ca
read from address f00ed5 PC=beb2ce
read from address f0b299 PC=beb2d2
read from address f0b2a1 PC=beb2d8
read from address f00f85 PC=beb2de
read from address f00f75 PC=beb2e6
read from address f00ed5 PC=beb2f3
read from address f00e65 PC=beb300
read from address f00de5 PC=bef90c
read from address f00000 PC=5
read from address f00000 PC=5
read from address f00000 PC=5
read from address f00000 PC=5
read from address f00000 PC=5
read from address f00000 PC=5
read from address f00000 PC=5
read from address f00000 PC=5
read from address f00000 PC=5
read from address f00000 PC=5
read from address f00000 PC=5
read from address f00000 PC=5
read from address f00000 PC=5
read from address f00000 PC=5
read from address f00000 PC=5
read from address f00000 PC=5
read from address f00000 PC=5
read from address f00000 PC=5
read from address f00000 PC=5
read from address f00000 PC=5
read from address f00000 PC=5
read from address f00000 PC=5
read from address f00000 PC=5
read from address f00000 PC=5
read from address f00000 PC=5
read from address f00000 PC=5
read from address f00000 PC=5
read from address f00000 PC=5
read from address f00000 PC=5
read from address f00000 PC=5
read from address f00000 PC=5
read from address f00000 PC=5
read from address f00000 PC=5
read from address f00000 PC=5
read from address f00000 PC=5
read from address f00000 PC=5
read from address f00000 PC=5
read from address f00000 PC=5
read from address f00000 PC=5
read from address f00000 PC=5
read from address f00000 PC=5
read from address f00000 PC=5
read from address f00000 PC=5
read from address f00000 PC=5
read from address f00000 PC=5
read from address f00000 PC=5
read from address f00000 PC=5
read from address f00000 PC=5
read from address f00000 PC=5
read from address f00000 PC=5
read from address f00000 PC=5
read from address f00000 PC=5
read from address f00000 PC=5
read from address f00000 PC=5
read from address f00000 PC=5
read from address f00000 PC=5
read from address f00000 PC=5
read from address f00000 PC=5
read from address f00000 PC=5
read from address f00000 PC=5
read from address f00000 PC=5
read from address f00000 PC=5
read from address f00000 PC=5
read from address f00000 PC=5
read from address f00000 PC=5
read from address f00000 PC=5
read from address f00000 PC=5
read from address f00000 PC=5
read from address f00000 PC=5
read from address f00000 PC=5
read from address f00000 PC=5
read from address f00000 PC=5
read from address f00000 PC=5
read from address f00000 PC=5
read from address f00000 PC=5
read from address f00000 PC=5
read from address f00000 PC=5
read from address f00000 PC=5
read from address f00000 PC=5
read from address f00000 PC=5
read from address f00000 PC=5
read from address f00000 PC=5
read from address f00000 PC=5
read from address f00000 PC=5
read from address f00000 PC=5
read from address f00000 PC=5
read from address f00000 PC=5
read from address f00000 PC=5
read from address f00000 PC=5
read from address f00000 PC=5
read from address f00000 PC=5
read from address f00000 PC=5
read from address f00000 PC=5
read from address f00000 PC=5
read from address f00000 PC=5
read from address f00000 PC=5
read from address f00000 PC=5
read from address f00000 PC=5
read from address f00000 PC=5
read from address f00000 PC=5
read from address f00000 PC=5
read from address f00000 PC=5
read from address f00000 PC=5
read from address f00000 PC=5
read from address f00000 PC=5
read from address f00000 PC=5
read from address f00000 PC=5
read from address f00000 PC=5
read from address f00000 PC=5
read from address f00000 PC=5
read from address f00000 PC=5
read from address f00000 PC=5
read from address f00000 PC=5
read from address f00000 PC=5
read from address f00000 PC=5
read from address f00000 PC=5
read from address f00000 PC=5
read from address f00000 PC=5
read from address f00000 PC=5
read from address f00000 PC=5
read from address f00000 PC=5
read from address f00000 PC=5
read from address f00000 PC=5
read from address f00000 PC=5
read from address f00000 PC=5
read from address f00000 PC=5
read from address f00000 PC=5
read from address f00000 PC=5
read from address f00000 PC=5
read from address f00000 PC=5
read from address f00000 PC=5
read from address f00000 PC=5
read from address f00000 PC=5
read from address f00000 PC=5
read from address f00000 PC=5
read from address f00000 PC=5
read from address f00000 PC=5
read from address f00000 PC=5
read from address f00000 PC=5
read from address f00000 PC=5
read from address f00000 PC=5
read from address f00000 PC=5
read from address f00000 PC=5
read from address f00000 PC=5
read from address f00000 PC=5
read from address f00000 PC=5
read from address f00000 PC=5
read from address f00000 PC=5
read from address f00000 PC=5
read from address f00000 PC=5
read from address f00000 PC=5
read from address f00000 PC=5
read from address f00000 PC=5
read from address f00000 PC=5
read from address f00000 PC=5
read from address f00000 PC=5
read from address f00000 PC=5
read from address f00000 PC=5
read from address f00000 PC=5
read from address f00000 PC=5
read from address f00000 PC=5
read from address f00000 PC=5
read from address f00000 PC=5
read from address f00000 PC=5
read from address f00000 PC=5
read from address f00000 PC=5
read from address f00000 PC=5
read from address f00000 PC=5
read from address f00000 PC=5
read from address f00000 PC=5
read from address f00000 PC=5
read from address f00000 PC=5
read from address f00000 PC=5
read from address f00000 PC=5
read from address f00000 PC=5
read from address f00000 PC=5
read from address f00000 PC=5
read from address f00000 PC=5
read from address f00000 PC=5
read from address f00000 PC=5
read from address f00000 PC=5
read from address f00000 PC=5
read from address f00000 PC=5
read from address f00000 PC=5
read from address f00000 PC=5
read from address f00000 PC=5
read from address f00000 PC=5
read from address f00000 PC=5
read from address f00000 PC=5
read from address f00000 PC=5
read from address f00000 PC=5
read from address f00000 PC=5
read from address f00000 PC=5
read from address f00000 PC=5
read from address f00000 PC=5
read from address f00000 PC=5
read from address f00000 PC=5
read from address f00000 PC=5
read from address f00000 PC=5
read from address f00000 PC=5
read from address f00000 PC=5
read from address f00000 PC=5
read from address f00000 PC=5
read from address f00000 PC=5
read from address f00000 PC=5
read from address f00000 PC=5
read from address f00000 PC=5
read from address f00000 PC=5
read from address f00000 PC=5
read from address f00000 PC=5
read from address f00000 PC=5
read from address f00000 PC=5
read from address f00000 PC=5
read from address f00000 PC=5
read from address f00000 PC=5
read from address f00000 PC=5
read from address f00000 PC=5
read from address f00000 PC=5
read from address f00000 PC=5
read from address f00000 PC=5
read from address f00000 PC=5
read from address f00000 PC=5
read from address f00000 PC=5
read from address f00000 PC=5
read from address f00000 PC=5
read from address f00000 PC=5
read from address f00000 PC=5
read from address f00000 PC=5
read from address f00000 PC=5
read from address f00000 PC=5
read from address f00000 PC=5
read from address f00000 PC=5
read from address f00000 PC=5
read from address f00000 PC=5
read from address f00000 PC=5
read from address f00000 PC=5
read from address f00000 PC=5
read from address f00000 PC=5
read from address f00000 PC=5
read from address f00000 PC=5
read from address f00000 PC=5
read from address f00000 PC=5
read from address f00000 PC=5
read from address f00000 PC=5
read from address f00000 PC=5
read from address f00000 PC=5
read from address f00000 PC=5
read from address f00000 PC=5
read from address f00000 PC=5
read from address f00000 PC=5
read from address f00000 PC=5
read from address f00000 PC=5
read from address f00000 PC=5
read from address f00000 PC=5
read from address f00000 PC=5
read from address f00000 PC=5
read from address f00000 PC=5
read from address f00000 PC=5
read from address f00000 PC=5
read from address f00000 PC=5
read from address f00000 PC=5
read from address f00000 PC=5
read from address f00000 PC=5
read from address f00000 PC=5
read from address f00000 PC=5
read from address f00000 PC=5
read from address f00000 PC=5
read from address f00000 PC=5
read from address f00000 PC=5
read from address f00000 PC=5
read from address f00000 PC=5
read from address f00000 PC=5
read from address f00000 PC=5
read from address f00000 PC=5
read from address f00000 PC=5
read from address f00000 PC=5
read from address f00000 PC=5
read from address f00000 PC=5
read from address f00000 PC=5
read from address f00000 PC=5
read from address f00000 PC=5
read from address f00000 PC=5
read from address f00000 PC=5
read from address f00000 PC=5
read from address f00000 PC=5
read from address f00000 PC=5
read from address f00000 PC=5
read from address f00000 PC=5
read from address f00000 PC=5
read from address f00000 PC=5
read from address f00000 PC=5
read from address f00000 PC=5
read from address f00000 PC=5
read from address f00000 PC=5
read from address f00000 PC=5
read from address f00000 PC=5
read from address f00000 PC=5
read from address f00000 PC=5
read from address f00000 PC=5
read from address f00000 PC=5
read from address f00000 PC=5
read from address f00000 PC=5
read from address f00000 PC=5
read from address f00000 PC=5
read from address f00000 PC=5
read from address f00000 PC=5
read from address f00000 PC=5
read from address f00000 PC=5
read from address f00000 PC=5
read from address f00000 PC=5
read from address f00000 PC=5
read from address f00000 PC=5
read from address f00000 PC=5
read from address f00000 PC=5
read from address f00000 PC=5
read from address f00000 PC=5
read from address f00000 PC=5
read from address f00000 PC=5
read from address f00000 PC=5
read from address f00000 PC=5
read from address f00000 PC=5
read from address f00000 PC=5
read from address f00000 PC=5
read from address f00000 PC=5
read from address f00000 PC=5
read from address f00000 PC=5
read from address f00000 PC=5
read from address f00000 PC=5
read from address f00000 PC=5
read from address f00000 PC=5
read from address f00000 PC=5
read from address f00000 PC=5
read from address f00000 PC=5
read from address f00000 PC=5
read from address f00000 PC=5
read from address f00000 PC=5
read from address f00000 PC=5
read from address f00000 PC=5
read from address f00000 PC=5
read from address f00000 PC=5
read from address f00000 PC=5
read from address f00000 PC=5
read from address f00000 PC=5
read from address f00000 PC=5
read from address f00000 PC=5
read from address f00000 PC=5
read from address f00000 PC=5
read from address f00000 PC=5
read from address f00000 PC=5
read from address f00000 PC=5
read from address f00000 PC=5
read from address f00000 PC=5
read from address f00000 PC=5
read from address f00000 PC=5
read from address f00000 PC=5
read from address f00000 PC=5
read from address f00000 PC=5
read from address f00000 PC=5
read from address f00000 PC=5
read from address f00000 PC=5
read from address f00000 PC=5
read from address f00000 PC=5
read from address f00000 PC=5
read from address f00000 PC=5
read from address f00000 PC=5
read from address f00000 PC=5
read from address f00000 PC=5
read from address f00000 PC=5
read from address f00000 PC=5
read from address f00000 PC=5
read from address f00000 PC=5
read from address f00000 PC=5
read from address f00000 PC=5
read from address f00000 PC=5
read from address f00000 PC=5
read from address f00000 PC=5
read from address f00000 PC=5
read from address f00000 PC=5
read from address f00000 PC=5
read from address f00000 PC=5
read from address f00000 PC=5
read from address f00000 PC=5
read from address f00000 PC=5
read from address f00000 PC=5
read from address f00000 PC=5
read from address f00000 PC=5
read from address f00000 PC=5
read from address f00000 PC=5
read from address f00000 PC=5
read from address f00000 PC=5
read from address f00000 PC=5
read from address f00000 PC=5
read from address f00000 PC=5
read from address f00000 PC=5
read from address f00000 PC=5
read from address f00000 PC=5
read from address f00000 PC=5
read from address f00000 PC=5
read from address f00000 PC=5
read from address f00000 PC=5
read from address f00000 PC=5
read from address f00000 PC=5
read from address f00000 PC=5
read from address f00000 PC=5
read from address f00000 PC=5
read from address f00000 PC=5
read from address f00000 PC=5
read from address f00000 PC=5
read from address f00000 PC=5
read from address f00000 PC=5
read from address f00000 PC=5
read from address f00000 PC=5
read from address f00000 PC=5
read from address f00000 PC=5
read from address f00000 PC=5
read from address f00000 PC=5
read from address f00000 PC=5
read from address f00000 PC=5
read from address f00000 PC=5
read from address f00000 PC=5
read from address f00000 PC=5
read from address f00000 PC=5
read from address f00000 PC=5
read from address f00000 PC=5
read from address f00000 PC=5
read from address f00000 PC=5
read from address f00000 PC=5
read from address f00000 PC=5
read from address f00000 PC=5
read from address f00000 PC=5
read from address f00000 PC=5
read from address f00000 PC=5
read from address f00000 PC=5
read from address f00000 PC=5
read from address f00000 PC=5
read from address f00000 PC=5
read from address f00000 PC=5
read from address f00000 PC=5
read from address f00000 PC=5
read from address f00000 PC=5
read from address f00000 PC=5
read from address f00000 PC=5
read from address f00000 PC=5
read from address f00000 PC=5
read from address f00000 PC=5
read from address f00000 PC=5
read from address f00000 PC=5
read from address f00000 PC=5
read from address f00000 PC=5
read from address f00000 PC=5
read from address f00000 PC=5
read from address f00000 PC=5
read from address f00000 PC=5
read from address f00000 PC=5
read from address f00000 PC=5
read from address f00000 PC=5
read from address f00000 PC=5
read from address f00000 PC=5
read from address f00000 PC=5
read from address f00000 PC=5
read from address f00000 PC=5
read from address f00000 PC=5
read from address f00000 PC=5
read from address f00000 PC=5
read from address f00000 PC=5
read from address f00000 PC=5
read from address f00000 PC=5
read from address f00000 PC=5
read from address f00000 PC=5
read from address f00000 PC=5
read from address f00000 PC=5
read from address f00000 PC=5
read from address f00000 PC=5
read from address f00000 PC=5
read from address f00000 PC=5
read from address f00000 PC=5
read from address f00000 PC=5
read from address f00000 PC=5
read from address f00000 PC=5
read from address f00000 PC=5
read from address f00000 PC=5
read from address f00000 PC=5
read from address f00000 PC=5
read from address f00000 PC=5
read from address f00000 PC=5
read from address f00000 PC=5
read from address f00000 PC=5
read from address f00000 PC=5
read from address f00000 PC=5
read from address f00000 PC=5
read from address f00000 PC=5
read from address f00000 PC=5
read from address f00000 PC=5
read from address f00000 PC=5
read from address f00000 PC=5
read from address f00000 PC=5
read from address f00000 PC=5
read from address f00000 PC=5
read from address f00000 PC=5
read from address f00000 PC=5
read from address f00000 PC=5
read from address f00000 PC=5
read from address f00000 PC=5
read from address f00000 PC=5
read from address f00000 PC=5
read from address f00000 PC=5
read from address f00000 PC=5
read from address f00000 PC=5
read from address f00000 PC=5
read from address f00000 PC=5
read from address f00000 PC=5
read from address f00000 PC=5
read from address f00000 PC=5
read from address f00000 PC=5
read from address f00000 PC=5
read from address f00000 PC=5
read from address f00000 PC=5
read from address f00000 PC=5
read from address f00000 PC=5
read from address f00000 PC=5
read from address f00000 PC=5
read from address f00000 PC=5
read from address f00000 PC=5
read from address f00000 PC=5
read from address f00000 PC=5
read from address f00000 PC=5
read from address f00000 PC=5
read from address f00000 PC=5
read from address f00000 PC=5
read from address f00000 PC=5
read from address f00000 PC=5
read from address f00000 PC=5
read from address f00000 PC=5
read from address f00000 PC=5
read from address f00000 PC=5
read from address f00000 PC=5
read from address f00000 PC=5
read from address f00000 PC=5
read from address f00000 PC=5
read from address f00000 PC=5
read from address f00000 PC=5
read from address f00000 PC=5
read from address f00000 PC=5
read from address f00000 PC=5
read from address f00000 PC=5
read from address f00000 PC=5
read from address f00000 PC=5
read from address f00000 PC=5
read from address f00000 PC=5
read from address f00000 PC=5
read from address f00000 PC=5
read from address f00000 PC=5
read from address f00000 PC=5
read from address f00000 PC=5
read from address f00000 PC=5
read from address f00000 PC=5
read from address f00000 PC=5
read from address f00000 PC=5
read from address f00000 PC=5
read from address f00000 PC=5
read from address f00000 PC=5
read from address f00000 PC=5
read from address f00000 PC=5
read from address f00000 PC=5
read from address f00000 PC=5
read from address f00000 PC=5
read from address f00000 PC=5
read from address f00000 PC=5
read from address f00000 PC=5
read from address f00000 PC=5
read from address f00000 PC=5
read from address f00000 PC=5
read from address f00000 PC=5
read from address f00000 PC=5
read from address f00000 PC=5
read from address f00000 PC=5
read from address f00000 PC=5
read from address f00000 PC=5
read from address f00000 PC=5
read from address f00000 PC=5
read from address f00000 PC=5
read from address f00000 PC=5
read from address f00000 PC=5
read from address f00000 PC=5
read from address f00000 PC=5
read from address f00000 PC=5
read from address f00000 PC=5
read from address f00000 PC=5
read from address f00000 PC=5
read from address f00000 PC=5
read from address f00000 PC=5
read from address f00000 PC=5
read from address f00000 PC=5
read from address f00000 PC=5
read from address f00000 PC=5
read from address f00000 PC=5
read from address f00000 PC=5
read from address f00000 PC=5
read from address f00000 PC=5
read from address f00000 PC=5
read from address f00000 PC=5
read from address f00000 PC=5
read from address f00000 PC=5
read from address f00000 PC=5
read from address f00000 PC=5
read from address f00000 PC=5
read from address f00000 PC=5
read from address f00000 PC=5
read from address f00000 PC=5
read from address f00000 PC=5
read from address f00000 PC=5
read from address f00000 PC=5
read from address f00000 PC=5
read from address f00000 PC=5
read from address f00000 PC=5
read from address f00000 PC=5
read from address f00000 PC=5
read from address f00000 PC=5
read from address f00000 PC=5
read from address f00000 PC=5
read from address f00000 PC=5
read from address f00000 PC=5
read from address f00000 PC=5
read from address f00000 PC=5
read from address f00000 PC=5
read from address f00000 PC=5
read from address f00000 PC=5
read from address f00000 PC=5
read from address f00000 PC=5
read from address f00000 PC=5
read from address f00000 PC=5
read from address f00000 PC=5
read from address f00000 PC=5
read from address f00000 PC=5
read from address f00000 PC=5
read from address f00000 PC=5
read from address f00000 PC=5
read from address f00000 PC=5
read from address f00000 PC=5
read from address f00000 PC=5
read from address f00000 PC=5
read from address f00000 PC=5
read from address f00000 PC=5
read from address f00000 PC=5
read from address f00000 PC=5
read from address f00000 PC=5
read from address f00000 PC=5
read from address f00000 PC=5
read from address f00000 PC=5
read from address f00000 PC=5
read from address f00000 PC=5
read from address f00000 PC=5
read from address f00000 PC=5
read from address f00000 PC=5
read from address f00000 PC=5
read from address f00000 PC=5
read from address f00000 PC=5
read from address f00000 PC=5
read from address f00000 PC=5
read from address f00000 PC=5
read from address f00000 PC=5
read from address f00000 PC=5
read from address f00000 PC=5
read from address f00000 PC=5
read from address f00000 PC=5
read from address f00000 PC=5
read from address f00000 PC=5
read from address f00000 PC=5
read from address f00000 PC=5
read from address f00000 PC=5
read from address f00000 PC=5
read from address f00000 PC=5
read from address f00000 PC=5
read from address f00000 PC=5
read from address f00000 PC=5
read from address f00000 PC=5
read from address f00000 PC=5
read from address f00000 PC=5
read from address f00000 PC=5
read from address f00000 PC=5
read from address f00000 PC=5
read from address f00000 PC=5
read from address f00000 PC=5
read from address f00000 PC=5
read from address f00000 PC=5
read from address f00000 PC=5
read from address f00000 PC=5
read from address f00000 PC=5
read from address f00000 PC=5
read from address f00000 PC=5
read from address f00000 PC=5
read from address f00000 PC=5
read from address f00000 PC=5
read from address f00000 PC=5
read from address f00000 PC=5
read from address f00000 PC=5
read from address f00000 PC=5
read from address f00000 PC=5
read from address f00000 PC=5
read from address f00000 PC=5
read from address f00000 PC=5
read from address f00000 PC=5
read from address f00000 PC=5
read from address f00000 PC=5
read from address f00000 PC=5
read from address f00000 PC=5
read from address f00000 PC=5
read from address f00000 PC=5
read from address f00000 PC=5
read from address f00000 PC=5
read from address f00000 PC=5
read from address f00000 PC=5
read from address f00000 PC=5
read from address f00000 PC=5
read from address f00000 PC=5
read from address f00000 PC=5
read from address f00000 PC=5
read from address f00000 PC=5
read from address f00000 PC=5
read from address f00000 PC=5
read from address f00000 PC=5
read from address f00000 PC=5
read from address f00000 PC=5
read from address f00000 PC=5
read from address f00000 PC=5
read from address f00000 PC=5
read from address f00000 PC=5
read from address f00000 PC=5
read from address f00000 PC=5
read from address f00000 PC=5
read from address f00000 PC=5
read from address f00000 PC=5
read from address f00000 PC=5
read from address f00000 PC=5
read from address f00000 PC=5
read from address f00000 PC=5
read from address f00000 PC=5
read from address f00000 PC=5
read from address f00000 PC=5
read from address f00000 PC=5
read from address f00000 PC=5
read from address f00000 PC=5
read from address f00000 PC=5
read from address f00000 PC=5
read from address f00000 PC=5
read from address f00000 PC=5
read from address f00000 PC=5
read from address f00000 PC=5
read from address f00000 PC=5
read from address f00000 PC=5
read from address f00000 PC=5
read from address f00000 PC=5
read from address f00000 PC=5
read from address f00000 PC=5
read from address f00000 PC=5
read from address f00000 PC=5
read from address f00000 PC=5
read from address f00000 PC=5
read from address f00000 PC=5
read from address f00000 PC=5
read from address f00000 PC=5
read from address f00000 PC=5
read from address f00000 PC=5
read from address f00000 PC=5
read from address f00000 PC=5
read from address f00000 PC=5
read from address f00000 PC=5
read from address f00000 PC=5
read from address f00000 PC=5
read from address f00000 PC=5
read from address f00000 PC=5
read from address f00000 PC=5
read from address f00000 PC=5
read from address f00000 PC=5
read from address f00000 PC=5
read from address f00000 PC=5
read from address f00000 PC=5
read from address f00000 PC=5
read from address f00000 PC=5
read from address f00000 PC=5
read from address f00000 PC=5
read from address f00000 PC=5
read from address f00000 PC=5
read from address f00000 PC=5
read from address f00000 PC=5
read from address f00000 PC=5
read from address f00000 PC=5
read from address f00000 PC=5
read from address f00000 PC=5
read from address f00000 PC=5
read from address f00000 PC=5
read from address f00000 PC=5
read from address f00000 PC=5
read from address f00000 PC=5
read from address f00000 PC=5
read from address f00000 PC=5
read from address f00000 PC=5
read from address f00000 PC=5
read from address f00000 PC=5
read from address f00000 PC=5
read from address f00000 PC=5
read from address f00000 PC=5
read from address f00000 PC=5
read from address f00000 PC=5
read from address f00000 PC=5
read from address f00000 PC=5
read from address f00000 PC=5
read from address f00000 PC=5
read from address f00000 PC=5
read from address f00000 PC=5
read from address f00000 PC=5
read from address f00000 PC=5
read from address f00000 PC=5
read from address f00000 PC=5
read from address f00000 PC=5
read from address f00000 PC=5
read from address f00000 PC=5
read from address f00000 PC=5
read from address f00000 PC=5
read from address f00000 PC=5
read from address f00000 PC=5
read from address f00000 PC=5
read from address f00000 PC=5
read from address f00000 PC=5
read from address f00000 PC=5
read from address f00000 PC=5
read from address f00000 PC=5
read from address f00000 PC=5
read from address f00000 PC=5
read from address f00000 PC=5
read from address f00000 PC=5
read from address f00000 PC=5
read from address f00000 PC=5
read from address f00000 PC=5
read from address f00000 PC=5
read from address f00000 PC=5
read from address f00000 PC=5
read from address f00000 PC=5
read from address f00000 PC=5
read from address f00000 PC=5
read from address f00000 PC=5
read from address f00000 PC=5
read from address f00000 PC=5
read from address f00000 PC=5
read from address f00000 PC=5
read from address f00000 PC=5
read from address f00000 PC=5
read from address f00000 PC=5
read from address f00000 PC=5
read from address f00000 PC=5
read from address f00000 PC=5
read from address f00000 PC=5
read from address f00000 PC=5
read from address f00000 PC=5
read from address f00000 PC=5
read from address f00000 PC=5
read from address f00000 PC=5
read from address f00000 PC=5
read from address f00000 PC=5
read from address f00000 PC=5
read from address f00000 PC=5
read from address f00000 PC=5
read from address f00000 PC=5
read from address f00000 PC=5
read from address f00000 PC=5
read from address f00000 PC=5
read from address f00000 PC=5
read from address f00000 PC=5
read from address f00000 PC=5
read from address f00000 PC=5
read from address f00000 PC=5
read from address f00000 PC=5
read from address f00000 PC=5
read from address f00000 PC=5
read from address f00000 PC=5
read from address f00000 PC=5
read from address f00000 PC=5
read from address f00000 PC=5
read from address f00000 PC=5
read from address f00000 PC=5
read from address f00000 PC=5
read from address f00000 PC=5
read from address f00000 PC=5
read from address f00000 PC=5
read from address f00000 PC=5
read from address f00000 PC=5
read from address f00000 PC=5
read from address f00000 PC=5
read from address f00000 PC=5
read from address f00000 PC=5
read from address f00000 PC=5
read from address f00000 PC=5
read from address f00000 PC=5
read from address f00000 PC=5
read from address f00000 PC=5
read from address f00000 PC=5
read from address f00000 PC=5
read from address f00000 PC=5
read from address f00000 PC=5
read from address f00000 PC=5
read from address f00000 PC=5
read from address f00000 PC=5
read from address f00000 PC=5
read from address f00000 PC=5
read from address f00000 PC=5
read from address f00000 PC=5
read from address f00000 PC=5
read from address f00000 PC=5
read from address f00000 PC=5
read from address f00000 PC=5
read from address f00000 PC=5
read from address f00000 PC=5
read from address f00000 PC=5
read from address f00000 PC=5
read from address f00000 PC=5
read from address f00000 PC=5
read from address f00000 PC=5
read from address f00000 PC=5
read from address f00000 PC=5
read from address f00000 PC=5
read from address f00000 PC=5
read from address f00000 PC=5
read from address f00000 PC=5
read from address f00000 PC=5
read from address f00000 PC=5
read from address f00000 PC=5
read from address f00000 PC=5
read from address f00000 PC=5
read from address f00000 PC=5
read from address f00000 PC=5
read from address f00000 PC=5
read from address f00000 PC=5
read from address f00000 PC=5
read from address f00000 PC=5
read from address f00000 PC=5
read from address f00000 PC=5
read from address f00000 PC=5
read from address f00000 PC=5
read from address f00000 PC=5
read from address f00000 PC=5
read from address f00000 PC=5
read from address f00000 PC=5
read from address f00000 PC=5
read from address f00000 PC=5
read from address f00000 PC=5
read from address f00000 PC=5
read from address f00000 PC=5
read from address f00000 PC=5
read from address f00000 PC=5
read from address f00000 PC=5
read from address f00000 PC=5
read from address f00000 PC=5
read from address f00000 PC=5
read from address f00000 PC=5
read from address f00000 PC=5
read from address f00000 PC=5
read from address f00000 PC=5
read from address f00000 PC=5
read from address f00000 PC=5
read from address f00000 PC=5
read from address f00000 PC=5
read from address f00000 PC=5
read from address f00000 PC=5
read from address f00000 PC=5
read from address f00000 PC=5
read from address f00000 PC=5
read from address f00000 PC=5
read from address f00000 PC=5
read from address f00000 PC=5
read from address f00000 PC=5
read from address f00000 PC=5
read from address f00000 PC=5
read from address f00000 PC=5
read from address f00000 PC=5
read from address f00000 PC=5
read from address f00000 PC=5
read from address f00000 PC=5
read from address f00000 PC=5
read from address f00000 PC=5
read from address f00000 PC=5
read from address f00000 PC=5
read from address f00000 PC=5
read from address f00000 PC=5
read from address f00000 PC=5
read from address f00000 PC=5
read from address f00000 PC=5
read from address f00000 PC=5
read from address f00000 PC=5
read from address f00000 PC=5
read from address f00000 PC=5
read from address f00000 PC=5
read from address f00000 PC=5
read from address f00000 PC=5
read from address f00000 PC=5
read from address f00000 PC=5
read from address f00000 PC=5
read from address f00000 PC=5
read from address f00000 PC=5
read from address f00000 PC=5
read from address f00000 PC=5
read from address f00000 PC=5
read from address f00000 PC=5
read from address f00000 PC=5
read from address f00000 PC=5
read from address f00000 PC=5
read from address f00000 PC=5
read from address f00000 PC=5
read from address f00000 PC=5
read from address f00000 PC=5
read from address f00000 PC=5
read from address f00000 PC=5
read from address f00000 PC=5
read from address f00000 PC=5
read from address f00000 PC=5
read from address f00000 PC=5
read from address f00000 PC=5
read from address f00000 PC=5
read from address f00000 PC=5
read from address f00000 PC=5
read from address f00000 PC=5
read from address f00000 PC=5
read from address f00007 PC=5
read from address f01c1c PC=3608
read from address f00007 PC=3606
read from address f01c1c PC=3609
read from address f01c1d PC=3609
read from address f01c1c PC=360a
read from address f01c1d PC=360a
read from address f00e0e PC=2025
read from address f00e0f PC=2025
read from address f0001c PC=3606
read from address f0001d PC=3606
read from address f01c1c PC=3609
read from address f01c1d PC=3609
read from address f01c1c PC=360a
read from address f01c1d PC=360a
read from address f00007 PC=3606
read from address f00008 PC=3606
read from address f019c5 PC=b92c
read from address f019c6 PC=b92c
read from address f04d29 PC=b942
read from address f04d2a PC=b942
read from address f0cd4d PC=b945
read from address f0cd4e PC=b945
read from address f019ce PC=b948
read from address f019cf PC=b948
read from address f0ce59 PC=b94b
read from address f0ce5a PC=b94b
read from address f001ec PC=b94e
read from address f001ed PC=b94e
read from address f007b4 PC=b961
read from address f007b5 PC=b961
read from address f00007 PC=b9db
read from address f00008 PC=b9db
read from address f007b4 PC=b9ed
read from address f007b5 PC=b9ed
read from address f00000 PC=b9ef
read from address f00001 PC=b9ef
read from address f107b3 PC=b9f1
read from address f107b4 PC=b9f1
read from address f10006 PC=b9f3
read from address f10007 PC=b9f3
read from address f0ffff PC=b9f5
read from address f10000 PC=b9f5
read from address f0ffff PC=b9f7
read from address f10000 PC=b9f7
read from address f10006 PC=b9f9
read from address f10007 PC=b9f9
read from address f107b3 PC=b9fb
read from address f107b4 PC=b9fb
read from address f10006 PC=b9fd
read from address f10007 PC=b9fd
read from address f1b3ff PC=b9ff
read from address f1b400 PC=b9ff
read from address f007b4 PC=ba01
read from address f007b5 PC=ba01
read from address f007b4 PC=ba03
read from address f007b5 PC=ba03
read from address f107b3 PC=ba05
read from address f107b4 PC=ba05
read from address f10006 PC=ba07
read from address f10007 PC=ba07
read from address f10006 PC=ba09
read from address f10007 PC=ba09
read from address f10006 PC=ba0b
read from address f10007 PC=ba0b
read from address f10006 PC=ba0d
read from address f10007 PC=ba0d
read from address f107b3 PC=ba0f
read from address f107b4 PC=ba0f
read from address f1b3ff PC=ba11
read from address f1b400 PC=ba11
read from address f1b3ff PC=ba13
read from address f1b400 PC=ba13
read from address f007b4 PC=ba15
read from address f007b5 PC=ba15
read from address f107b3 PC=ba17
read from address f107b4 PC=ba17
read from address f10006 PC=ba19
read from address f10007 PC=ba19
read from address f0ffff PC=ba1b
read from address f10000 PC=ba1b
read from address f1b3ff PC=ba1d
read from address f1b400 PC=ba1d
read from address f1b3ff PC=ba1f
read from address f1b400 PC=ba1f
read from address f0ffff PC=ba21
read from address f10000 PC=ba21
read from address f10006 PC=ba23
read from address f10007 PC=ba23
read from address f107b3 PC=ba25
read from address f107b4 PC=ba25
read from address f1b3ff PC=ba27
read from address f1b400 PC=ba27
read from address f1b3ff PC=ba29
read from address f1b400 PC=ba29
read from address f107b3 PC=ba2b
read from address f107b4 PC=ba2b
read from address f10006 PC=ba2d
read from address f10007 PC=ba2d
read from address f0ffff PC=ba2f
read from address f10000 PC=ba2f
read from address f1b3ff PC=ba31
read from address f1b400 PC=ba31
read from address f1b3ff PC=ba33
read from address f1b400 PC=ba33
read from address f0ffff PC=ba35
read from address f10000 PC=ba35
read from address f10006 PC=ba37
read from address f10007 PC=ba37
read from address f107b3 PC=ba39
read from address f107b4 PC=ba39
read from address f1b3ff PC=ba3b
read from address f1b400 PC=ba3b
read from address f1b3ff PC=ba3d
read from address f1b400 PC=ba3d
read from address f107b3 PC=ba3f
read from address f107b4 PC=ba3f
read from address f10006 PC=ba41
read from address f10007 PC=ba41
read from address f0ffff PC=ba43
read from address f10000 PC=ba43
read from address f1b3ff PC=ba45
read from address f1b400 PC=ba45
read from address f1b3ff PC=ba47
read from address f1b400 PC=ba47
read from address f0ffff PC=ba49
read from address f10000 PC=ba49
read from address f10006 PC=ba4b
read from address f10007 PC=ba4b
read from address f107b3 PC=ba4d
read from address f107b4 PC=ba4d
read from address f1b3ff PC=ba4f
read from address f1b400 PC=ba4f
read from address f1b3ff PC=ba51
read from address f1b400 PC=ba51
read from address f107b3 PC=ba53
read from address f107b4 PC=ba53
read from address f10006 PC=ba55
read from address f10007 PC=ba55
read from address f0ffff PC=ba57
read from address f10000 PC=ba57
read from address f1b3ff PC=ba59
read from address f1b400 PC=ba59
read from address f1b3ff PC=ba5b
read from address f1b400 PC=ba5b
read from address f0ffff PC=ba5d
read from address f10000 PC=ba5d
read from address f10006 PC=ba5f
read from address f10007 PC=ba5f
read from address f107b3 PC=ba61
read from address f107b4 PC=ba61
read from address f1b3ff PC=ba63
read from address f1b400 PC=ba63
read from address f107b3 PC=ba65
read from address f107b4 PC=ba65
read from address f107b3 PC=ba67
read from address f107b4 PC=ba67
read from address f107b3 PC=ba69
read from address f107b4 PC=ba69
read from address f107b3 PC=ba6b
read from address f107b4 PC=ba6b
read from address f0ffff PC=ba6d
read from address f10000 PC=ba6d
read from address f0ffff PC=ba6f
read from address f10000 PC=ba6f
read from address f107b3 PC=ba71
read from address f107b4 PC=ba71
read from address f107b3 PC=ba73
read from address f107b4 PC=ba73
read from address f107b3 PC=ba75
read from address f107b4 PC=ba75
read from address f107b3 PC=ba77
read from address f107b4 PC=ba77
read from address f10006 PC=ba79
read from address f10007 PC=ba79
read from address f0ffff PC=ba7b
read from address f10000 PC=ba7b
read from address f1b3ff PC=ba7d
read from address f1b400 PC=ba7d
read from address f107b3 PC=ba7f
read from address f107b4 PC=ba7f
read from address f10006 PC=ba81
read from address f10007 PC=ba81
read from address f10006 PC=ba83
read from address f10007 PC=ba83
read from address f107b3 PC=ba85
read from address f107b4 PC=ba85
read from address f1b3ff PC=ba87
read from address f1b400 PC=ba87
read from address f0ffff PC=ba89
read from address f10000 PC=ba89
read from address f10006 PC=ba8b
read from address f10007 PC=ba8b
read from address f0ffff PC=ba8d
read from address f10000 PC=ba8d
read from address f08dcf PC=ba90
read from address f08dd0 PC=ba90
read from address f00007 PC=ba9e
read from address f00008 PC=ba9e
read from address f00007 PC=baa0
read from address f00008 PC=baa0
read from address f00007 PC=baa2
read from address f00008 PC=baa2
read from address f00007 PC=baa4
read from address f00008 PC=baa4
read from address f00890 PC=bac2
read from address f00891 PC=bac2
read from address f00000 PC=3606
read from address f00001 PC=3606
read from address f15f5e PC=3609
read from address f15f5f PC=3609
read from address f00e0e PC=3607
read from address f00e0f PC=3607
read from address f01c1c PC=3607
read from address f01c1d PC=3607
read from address f0a854 PC=3606
read from address f0a855 PC=3606
read from address f0bb54 PC=3606
read from address f02d2d PC=360b
read from address f03dbd PC=3606
read from address f00936 PC=3608
read from address f03df5 PC=3606
read from address f03df5 PC=3606
read from address f00936 PC=3606
read from address f00c0c PC=3607
read from address 7ef3c5 PC=fc6e
read from address 7ef3c6 PC=fc6e
read from address fcfaff PC=fc87
read from address fcfb00 PC=fc87
read from address fcfbff PC=fc8e
read from address fcfc00 PC=fc8e
read from address fcfafd PC=fc87
read from address fcfafe PC=fc87
read from address fcfbfd PC=fc8e
read from address fcfbfe PC=fc8e
read from address fcfafb PC=fc87
read from address fcfafc PC=fc87
read from address fcfbfb PC=fc8e
read from address fcfbfc PC=fc8e
read from address fcfaf9 PC=fc87
read from address fcfafa PC=fc87
read from address fcfbf9 PC=fc8e
read from address fcfbfa PC=fc8e
read from address fcfaf7 PC=fc87
read from address fcfaf8 PC=fc87
read from address fcfbf7 PC=fc8e
read from address fcfbf8 PC=fc8e
read from address fcfaf5 PC=fc87
read from address fcfaf6 PC=fc87
read from address fcfbf5 PC=fc8e
read from address fcfbf6 PC=fc8e
read from address fcfaf3 PC=fc87
read from address fcfaf4 PC=fc87
read from address fcfbf3 PC=fc8e
read from address fcfbf4 PC=fc8e
read from address fcfaf1 PC=fc87
read from address fcfaf2 PC=fc87
read from address fcfbf1 PC=fc8e
read from address fcfbf2 PC=fc8e
read from address fcfaef PC=fc87
read from address fcfaf0 PC=fc87
read from address fcfbef PC=fc8e
read from address fcfbf0 PC=fc8e
read from address fcfaed PC=fc87
read from address fcfaee PC=fc87
read from address fcfbed PC=fc8e
read from address fcfbee PC=fc8e
read from address fcfaeb PC=fc87
read from address fcfaec PC=fc87
read from address fcfbeb PC=fc8e
read from address fcfbec PC=fc8e
read from address fcfae9 PC=fc87
read from address fcfaea PC=fc87
read from address fcfbe9 PC=fc8e
read from address fcfbea PC=fc8e
read from address fcfae7 PC=fc87
read from address fcfae8 PC=fc87
read from address fcfbe7 PC=fc8e
read from address fcfbe8 PC=fc8e
read from address fcfae5 PC=fc87
read from address fcfae6 PC=fc87
read from address fcfbe5 PC=fc8e
read from address fcfbe6 PC=fc8e
read from address fcfae3 PC=fc87
read from address fcfae4 PC=fc87
read from address fcfbe3 PC=fc8e
read from address fcfbe4 PC=fc8e
read from address fcfae1 PC=fc87
read from address fcfae2 PC=fc87
read from address fcfbe1 PC=fc8e
read from address fcfbe2 PC=fc8e
read from address fcfadf PC=fc87
read from address fcfae0 PC=fc87
read from address fcfbdf PC=fc8e
read from address fcfbe0 PC=fc8e
read from address fcfadd PC=fc87
read from address fcfade PC=fc87
read from address fcfbdd PC=fc8e
read from address fcfbde PC=fc8e
read from address fcfadb PC=fc87
read from address fcfadc PC=fc87
read from address fcfbdb PC=fc8e
read from address fcfbdc PC=fc8e
read from address fcfad9 PC=fc87
read from address fcfada PC=fc87
read from address fcfbd9 PC=fc8e
read from address fcfbda PC=fc8e
read from address fcfad7 PC=fc87
read from address fcfad8 PC=fc87
read from address fcfbd7 PC=fc8e
read from address fcfbd8 PC=fc8e
read from address fcfad5 PC=fc87
read from address fcfad6 PC=fc87
read from address fcfbd5 PC=fc8e
read from address fcfbd6 PC=fc8e
read from address fcfad3 PC=fc87
read from address fcfad4 PC=fc87
read from address fcfbd3 PC=fc8e
read from address fcfbd4 PC=fc8e
read from address fcfad1 PC=fc87
read from address fcfad2 PC=fc87
read from address fcfbd1 PC=fc8e
read from address fcfbd2 PC=fc8e
read from address fcfacf PC=fc87
read from address fcfad0 PC=fc87
read from address fcfbcf PC=fc8e
read from address fcfbd0 PC=fc8e
read from address fcfacd PC=fc87
read from address fcface PC=fc87
read from address fcfbcd PC=fc8e
read from address fcfbce PC=fc8e
read from address fcfacb PC=fc87
read from address fcfacc PC=fc87
read from address fcfbcb PC=fc8e
read from address fcfbcc PC=fc8e
read from address fcfac9 PC=fc87
read from address fcfaca PC=fc87
read from address fcfbc9 PC=fc8e
read from address fcfbca PC=fc8e
read from address fcfac7 PC=fc87
read from address fcfac8 PC=fc87
read from address fcfbc7 PC=fc8e
read from address fcfbc8 PC=fc8e
read from address fcfac5 PC=fc87
read from address fcfac6 PC=fc87
read from address fcfbc5 PC=fc8e
read from address fcfbc6 PC=fc8e
read from address fcfac3 PC=fc87
read from address fcfac4 PC=fc87
read from address fcfbc3 PC=fc8e
read from address fcfbc4 PC=fc8e
read from address fcfac1 PC=fc87
read from address fcfac2 PC=fc87
read from address fcfbc1 PC=fc8e
read from address fcfbc2 PC=fc8e
read from address f3ca8f PC=f3ca90
read from address f3ca90 PC=f3ca91
read from address ff2020 PC=ff2021
read from address ff2021 PC=ff2022
read from address 783fbd PC=8001
