Executing from unexpected area: 9:1088
read from address ffff05 PC=92ad
read from address ffff06 PC=92b7
read from address ffff07 PC=92bc
read from address ffff07 PC=92c4
read from address ffff07 PC=92de
read from address ffff08 PC=92de
read from address ffff0a PC=933f
read from address ffff0b PC=92b7
read from address ffff0c PC=92bc
read from address ffff0c PC=92c4
read from address ffff0c PC=92de
read from address ffff0d PC=92de
read from address ffff0f PC=933f
read from address ffff10 PC=92b7
read from address ffff11 PC=92bc
read from address ffff11 PC=92c4
read from address ffff11 PC=92de
read from address ffff12 PC=92de
read from address ffff14 PC=933f
read from address ffff15 PC=92b7
read from address ffff16 PC=92bc
read from address ffff16 PC=92c4
read from address ffff16 PC=92de
read from address ffff17 PC=92de
read from address ffff19 PC=933f
read from address ffff1a PC=92b7
read from address ffff1b PC=92bc
read from address ffff1b PC=92c4
read from address ffff1b PC=92de
read from address ffff1c PC=92de
read from address ffff1e PC=933f
read from address ffff1f PC=92b7
read from address ffff20 PC=92bc
read from address ffff20 PC=92c4
read from address ffff20 PC=92de
read from address ffff21 PC=92de
read from address ffff23 PC=933f
read from address ffff24 PC=92b7
read from address ffff25 PC=92bc
read from address ffff25 PC=92c4
read from address ffff25 PC=92de
read from address ffff26 PC=92de
read from address ffff28 PC=933f
read from address ffff29 PC=92b7
read from address ffff2a PC=92bc
read from address ffff2a PC=92c4
read from address ffff2a PC=92de
read from address ffff2b PC=92de
read from address ffff2d PC=933f
read from address ffff2e PC=92b7
read from address ffff2f PC=92bc
read from address ffff2f PC=92c4
read from address ffff2f PC=92de
read from address ffff30 PC=92de
read from address ffff32 PC=933f
read from address ffff33 PC=92b7
read from address ffff34 PC=92bc
read from address ffff34 PC=92c4
read from address ffff34 PC=92de
read from address ffff35 PC=92de
read from address ffff37 PC=933f
read from address ffff38 PC=92b7
read from address ffff39 PC=92bc
read from address ffff39 PC=92c4
read from address ffff39 PC=92de
read from address ffff3a PC=92de
read from address ffff3c PC=933f
read from address ffff3d PC=92b7
read from address ffff3e PC=92bc
read from address ffff3e PC=92c4
read from address ffff3e PC=92de
read from address ffff3f PC=92de
read from address ffff41 PC=933f
read from address ffff42 PC=92b7
read from address ffff43 PC=92bc
read from address ffff43 PC=92c4
read from address ffff43 PC=92de
read from address ffff44 PC=92de
read from address ffff46 PC=933f
read from address ffff47 PC=92b7
read from address ffff48 PC=92bc
read from address ffff48 PC=92c4
read from address ffff48 PC=92de
read from address ffff49 PC=92de
read from address ffff4b PC=933f
read from address ffff4c PC=92b7
read from address ffff4d PC=92bc
read from address ffff4d PC=92c4
read from address ffff4d PC=92de
read from address ffff4e PC=92de
read from address ffff50 PC=933f
read from address ffff51 PC=92b7
read from address ffff52 PC=92bc
read from address ffff52 PC=92c4
read from address ffff52 PC=92de
read from address ffff53 PC=92de
read from address ffff55 PC=933f
read from address ffff56 PC=92b7
read from address ffff57 PC=92bc
read from address ffff57 PC=92c4
read from address ffff57 PC=92de
read from address ffff58 PC=92de
read from address ffff5a PC=933f
read from address ffff5b PC=92b7
read from address ffff5c PC=92bc
read from address ffff5c PC=92c4
read from address ffff5c PC=92de
read from address ffff5d PC=92de
read from address ffff5f PC=933f
read from address ffff60 PC=92b7
read from address ffff61 PC=92bc
read from address ffff61 PC=92c4
read from address ffff61 PC=92de
read from address ffff62 PC=92de
read from address ffff64 PC=933f
read from address ffff65 PC=92b7
read from address ffff66 PC=92bc
read from address ffff66 PC=92c4
read from address ffff66 PC=92de
read from address ffff67 PC=92de
read from address ffff69 PC=933f
read from address ffff6a PC=92b7
read from address ffff6b PC=92bc
read from address ffff6b PC=92c4
read from address ffff6b PC=92de
read from address ffff6c PC=92de
read from address ffff6e PC=933f
read from address ffff6f PC=92b7
read from address ffff70 PC=92bc
read from address ffff70 PC=92c4
read from address ffff70 PC=92de
read from address ffff71 PC=92de
read from address ffff73 PC=933f
read from address ffff74 PC=92b7
read from address ffff75 PC=92bc
read from address ffff75 PC=92c4
read from address ffff75 PC=92de
read from address ffff76 PC=92de
read from address ffff78 PC=933f
read from address ffff79 PC=92b7
read from address ffff7a PC=92bc
read from address ffff7a PC=92c4
read from address ffff7a PC=92de
read from address ffff7b PC=92de
read from address ffff7d PC=933f
read from address ffff7e PC=92b7
read from address ffff7f PC=92bc
read from address ffff7f PC=92c4
read from address ffff7f PC=92de
read from address ffff80 PC=92de
read from address ffff82 PC=933f
read from address ffff83 PC=92b7
read from address ffff84 PC=92bc
read from address ffff84 PC=92c4
read from address ffff84 PC=92de
read from address ffff85 PC=92de
read from address ffff87 PC=933f
read from address ffff88 PC=92b7
read from address ffff89 PC=92bc
read from address ffff89 PC=92c4
read from address ffff89 PC=92de
read from address ffff8a PC=92de
read from address ffff8c PC=933f
read from address ffff8d PC=92b7
read from address ffff8e PC=92bc
read from address ffff8e PC=92c4
read from address ffff8e PC=92de
read from address ffff8f PC=92de
read from address ffff91 PC=933f
read from address ffff92 PC=92b7
read from address ffff93 PC=92bc
read from address ffff93 PC=92c4
read from address ffff93 PC=92de
read from address ffff94 PC=92de
read from address ffff96 PC=933f
read from address ffff97 PC=92b7
read from address ffff98 PC=92bc
read from address ffff98 PC=92c4
read from address ffff98 PC=92de
read from address ffff99 PC=92de
read from address ffff9b PC=933f
read from address ffff9c PC=92b7
read from address ffff9d PC=92bc
read from address ffff9d PC=92c4
read from address ffff9d PC=92de
read from address ffff9e PC=92de
read from address ffffa0 PC=933f
read from address ffffa1 PC=92b7
read from address ffffa2 PC=92bc
read from address ffffa2 PC=92c4
read from address ffffa2 PC=92de
read from address ffffa3 PC=92de
read from address ffffa5 PC=933f
read from address ffffa6 PC=92b7
read from address ffffa7 PC=92bc
read from address ffffa7 PC=92c4
read from address ffffa7 PC=92de
read from address ffffa8 PC=92de
read from address ffffaa PC=933f
read from address ffffab PC=92b7
read from address ffffac PC=92bc
read from address ffffac PC=92c4
read from address ffffac PC=92de
read from address ffffad PC=92de
read from address ffffaf PC=933f
read from address ffffb0 PC=92b7
read from address ffffb1 PC=92bc
read from address ffffb1 PC=92c4
read from address ffffb1 PC=92de
read from address ffffb2 PC=92de
read from address ffffb4 PC=933f
read from address ffffb5 PC=92b7
read from address ffffb6 PC=92bc
read from address ffffb6 PC=92c4
read from address ffffb6 PC=92de
read from address ffffb7 PC=92de
read from address ffffb9 PC=933f
read from address ffffba PC=92b7
read from address ffffbb PC=92bc
read from address ffffbb PC=92c4
read from address ffffbb PC=92de
read from address ffffbc PC=92de
read from address ffffbe PC=933f
read from address ffffbf PC=92b7
read from address ffffc0 PC=92bc
read from address ffffc0 PC=92c4
read from address ffffc0 PC=92de
read from address ffffc1 PC=92de
read from address ffffc3 PC=933f
read from address ffffc4 PC=92b7
read from address ffffc5 PC=92bc
read from address ffffc5 PC=92c4
read from address ffffc5 PC=92de
read from address ffffc6 PC=92de
read from address ffffc8 PC=933f
read from address ffffc9 PC=92b7
read from address ffffca PC=92bc
read from address ffffca PC=92c4
read from address ffffca PC=92de
read from address ffffcb PC=92de
read from address ffffcd PC=933f
read from address ffffce PC=92b7
read from address ffffcf PC=92bc
read from address ffffcf PC=92c4
read from address ffffcf PC=92de
read from address ffffd0 PC=92de
read from address ffffd2 PC=933f
read from address ffffd3 PC=92b7
read from address ffffd4 PC=92bc
read from address ffffd4 PC=92c4
read from address ffffd4 PC=92de
read from address ffffd5 PC=92de
read from address ffffd7 PC=933f
read from address ffffd8 PC=92b7
read from address ffffd9 PC=92bc
read from address ffffd9 PC=92c4
read from address ffffd9 PC=92de
read from address ffffda PC=92de
read from address ffffdc PC=933f
read from address ffffdd PC=92b7
read from address ffffde PC=92bc
read from address ffffde PC=92c4
read from address ffffde PC=92de
read from address ffffdf PC=92de
read from address ffffe1 PC=933f
read from address ffffe2 PC=92b7
read from address ffffe3 PC=92bc
read from address ffffe3 PC=92c4
read from address ffffe3 PC=92de
read from address ffffe4 PC=92de
read from address ffffe6 PC=933f
read from address ffffe7 PC=92b7
read from address ffffe8 PC=92bc
read from address ffffe8 PC=92c4
read from address ffffe8 PC=92de
read from address ffffe9 PC=92de
read from address ffffeb PC=933f
read from address ffffec PC=92b7
read from address ffffed PC=92bc
read from address ffffed PC=92c4
read from address ffffed PC=92de
read from address ffffee PC=92de
read from address fffff0 PC=933f
read from address fffff1 PC=92b7
read from address fffff2 PC=92bc
read from address fffff2 PC=92c4
read from address fffff2 PC=92de
read from address fffff3 PC=92de
read from address fffff5 PC=933f
read from address fffff6 PC=92b7
read from address fffff7 PC=92bc
read from address fffff7 PC=92c4
read from address fffff7 PC=92de
read from address fffff8 PC=92de
read from address fffffa PC=933f
read from address fffffb PC=92b7
read from address fffffc PC=92bc
read from address fffffc PC=92c4
read from address fffffc PC=92de
read from address fffffd PC=92de
read from address ffffff PC=933f
